<?xml version="1.0" encoding="UTF-8"?>
<testng-results ignored="0" total="1" passed="1" failed="0" skipped="0">
  <reporter-output>
  </reporter-output>
  <suite started-at="2022-12-08T08:39:04 CST" name="Default suite" finished-at="2022-12-08T08:54:23 CST" duration-ms="919624">
    <groups>
    </groups>
    <test started-at="2022-12-08T08:39:04 CST" name="Default test" finished-at="2022-12-08T08:54:23 CST" duration-ms="919624">
      <class name="com.test.user.AllScenarios">
        <test-method is-config="true" signature="reference()[pri:0, instance:com.test.user.AllScenarios@6404f418]" started-at="2022-12-08T08:39:03 CST" name="reference" finished-at="2022-12-08T08:39:04 CST" duration-ms="1052" status="PASS">
          <reporter-output>
          </reporter-output>
        </test-method> <!-- reference -->
        <test-method signature="RUNALL(java.util.Map,org.testng.ITestContext)[pri:0, instance:com.test.user.AllScenarios@6404f418]" started-at="2022-12-08T08:39:05 CST" name="RUNALL" data-provider="TestData" finished-at="2022-12-08T08:54:23 CST" duration-ms="918526" status="PASS">
          <params>
            <param index="0">
              <value>
                <![CDATA[{=, Run=Yes, TestScenario=NASB.COM Regression Test Case Execution}]]>
              </value>
            </param>
            <param index="1">
              <value>
                <![CDATA[org.testng.TestRunner@5b22b970]]>
              </value>
            </param>
          </params>
          <reporter-output>
          </reporter-output>
        </test-method> <!-- RUNALL -->
      </class> <!-- com.test.user.AllScenarios -->
    </test> <!-- Default test -->
  </suite> <!-- Default suite -->
</testng-results>
